<?xml version="1.0" encoding="UTF-8"?>
<testsuite name="leetcode.FindAllDuplicatesTest" tests="1" skipped="0" failures="0" errors="0" timestamp="2024-03-25T16:49:58" hostname="yungayeong-ui-MacBookAir.local" time="0.031">
  <properties/>
  <testcase name="test2()" classname="leetcode.FindAllDuplicatesTest" time="0.031"/>
  <system-out><![CDATA[]]></system-out>
  <system-err><![CDATA[]]></system-err>
</testsuite>
